<?xml version="1.0" encoding="UTF-8"?>
<!-- Generated by org.testng.reporters.JUnitReportReporter -->
<testsuite hostname="muhammeds-MacBook-Pro.local" failures="0" tests="4" name="com.neotech.lesson02.PriorityDemo" time="0.020" errors="0" timestamp="2023-02-02T06:14:29 EST" skipped="0">
  <testcase classname="com.neotech.lesson02.PriorityDemo" name="firstTest" time="0.005"/>
  <system-out/>
  <testcase classname="com.neotech.lesson02.PriorityDemo" name="secondTest" time="0.009"/>
  <system-out/>
  <testcase classname="com.neotech.lesson02.PriorityDemo" name="thirdTest" time="0.002"/>
  <system-out/>
  <testcase classname="com.neotech.lesson02.PriorityDemo" name="fourthTest" time="0.004"/>
  <system-out/>
</testsuite> <!-- com.neotech.lesson02.PriorityDemo -->
