<?xml version="1.0" encoding="UTF-8"?>
<!-- Generated by org.testng.reporters.JUnitReportReporter -->
<testsuite hostname="muhammeds-MacBook-Pro.local" failures="0" tests="4" name="com.neotech.lesson03.GroupsDemo" time="0.020" errors="0" timestamp="2023-02-02T21:24:51 EST" skipped="0">
  <testcase classname="com.neotech.lesson03.GroupsDemo" name="test2" time="0.003"/>
  <system-out/>
  <testcase classname="com.neotech.lesson03.GroupsDemo" name="test3" time="0.002"/>
  <system-out/>
  <testcase classname="com.neotech.lesson03.GroupsDemo" name="test4" time="0.002"/>
  <system-out/>
  <testcase classname="com.neotech.lesson03.GroupsDemo" name="test1" time="0.013"/>
  <system-out/>
</testsuite> <!-- com.neotech.lesson03.GroupsDemo -->
