<?xml version="1.0" encoding="UTF-8"?>
<!-- Generated by org.testng.reporters.JUnitReportReporter -->
<testsuite hostname="muhammeds-MacBook-Pro.local" failures="0" tests="2" name="com.neotech.lesson02.Homework1" time="20.816" errors="0" timestamp="2023-01-31T20:03:55 EST" skipped="0">
  <testcase classname="com.neotech.lesson02.Homework1" name="negativeLoginTest" time="10.990"/>
  <system-out/>
  <testcase classname="com.neotech.lesson02.Homework1" name="loginValidation" time="9.826"/>
  <system-out/>
</testsuite> <!-- com.neotech.lesson02.Homework1 -->
