<?xml version="1.0" encoding="UTF-8"?>
<!-- Generated by org.testng.reporters.JUnitReportReporter -->
<testsuite hostname="muhammeds-MacBook-Pro.local" failures="0" tests="3" name="com.neotech.lesson01.TestNGDemo" time="0.053" errors="0" timestamp="2023-01-30T13:52:07 EST" skipped="0">
  <testcase classname="com.neotech.lesson01.TestNGDemo" name="testThree" time="0.016"/>
  <system-out/>
  <testcase classname="com.neotech.lesson01.TestNGDemo" name="testTwo" time="0.025"/>
  <system-out/>
  <testcase classname="com.neotech.lesson01.TestNGDemo" name="testOne" time="0.012"/>
  <system-out/>
</testsuite> <!-- com.neotech.lesson01.TestNGDemo -->
