<?xml version="1.0" encoding="UTF-8"?>
<!-- Generated by org.testng.reporters.JUnitReportReporter -->
<testsuite hostname="muhammeds-MacBook-Pro.local" failures="0" tests="4" name="com.neotech.lesson02.EnableAndDisable" time="0.043" errors="0" timestamp="2023-02-02T06:14:29 EST" skipped="1">
  <testcase classname="com.neotech.lesson02.EnableAndDisable" name="firstTest" time="0.026"/>
  <system-out/>
  <testcase classname="com.neotech.lesson02.EnableAndDisable" name="thirdTest" time="0.009"/>
  <system-out/>
  <testcase classname="com.neotech.lesson02.EnableAndDisable" name="fourthTest" time="0.008"/>
  <system-out/>
  <testcase classname="com.neotech.lesson02.EnableAndDisable" name="secondTest">
    <skipped/>
  </testcase> <!-- secondTest -->
  <system-out/>
</testsuite> <!-- com.neotech.lesson02.EnableAndDisable -->
