<?xml version="1.0" encoding="UTF-8"?>
<!-- Generated by org.testng.reporters.JUnitReportReporter -->
<testsuite hostname="muhammeds-MacBook-Pro.local" failures="0" tests="5" name="com.neotech.lesson03.Homework1" time="0.021" errors="0" timestamp="2023-02-02T20:17:00 EST" skipped="1">
  <testcase classname="com.neotech.lesson03.Homework1" name="fourthMethod" time="0.011"/>
  <system-out/>
  <testcase classname="com.neotech.lesson03.Homework1" name="thirdMethod" time="0.003"/>
  <system-out/>
  <testcase classname="com.neotech.lesson03.Homework1" name="secondMethod" time="0.005"/>
  <system-out/>
  <testcase classname="com.neotech.lesson03.Homework1" name="firstMethod" time="0.002"/>
  <system-out/>
  <testcase classname="com.neotech.lesson03.Homework1" name="firstMethod1">
    <skipped/>
  </testcase> <!-- firstMethod1 -->
  <system-out/>
</testsuite> <!-- com.neotech.lesson03.Homework1 -->
