<?xml version="1.0" encoding="UTF-8"?>
<!-- Generated by org.testng.reporters.JUnitReportReporter -->
<testsuite hostname="muhammeds-MacBook-Pro.local" failures="0" tests="2" name="com.neotech.testcases.Annotations" time="0.043" errors="0" timestamp="2023-02-14T11:08:19 EST" skipped="0">
  <testcase classname="com.neotech.testcases.Annotations" name="test1" time="0.026"/>
  <system-out/>
  <testcase classname="com.neotech.testcases.Annotations" name="test2" time="0.017"/>
  <system-out/>
</testsuite> <!-- com.neotech.testcases.Annotations -->
