<?xml version="1.0" encoding="UTF-8"?>
<!-- Generated by org.testng.reporters.JUnitReportReporter -->
<testsuite hostname="muhammeds-MacBook-Pro.local" failures="0" tests="2" name="com.neotech.testcases.GroupsDemo" time="0.015" errors="0" timestamp="2023-02-14T11:12:14 EST" skipped="0">
  <testcase classname="com.neotech.testcases.GroupsDemo" name="test2" time="0.003"/>
  <system-out/>
  <testcase classname="com.neotech.testcases.GroupsDemo" name="test1" time="0.012"/>
  <system-out/>
</testsuite> <!-- com.neotech.testcases.GroupsDemo -->
