<?xml version="1.0" encoding="UTF-8"?>
<!-- Generated by org.testng.reporters.JUnitReportReporter -->
<testsuite hostname="muhammeds-MacBook-Pro.local" failures="0" tests="4" name="com.neotech.testcases.DataProviderDemo" time="0.016" errors="0" timestamp="2023-02-14T11:08:19 EST" skipped="0">
  <testcase classname="com.neotech.testcases.DataProviderDemo" name="printInformation" time="0.008"/>
  <system-out/>
  <testcase classname="com.neotech.testcases.DataProviderDemo" name="printInformation" time="0.002"/>
  <system-out/>
  <testcase classname="com.neotech.testcases.DataProviderDemo" name="printInformation" time="0.004"/>
  <system-out/>
  <testcase classname="com.neotech.testcases.DataProviderDemo" name="printInformation" time="0.002"/>
  <system-out/>
</testsuite> <!-- com.neotech.testcases.DataProviderDemo -->
